<?xml version="1.0" encoding="UTF-8"?>
<!-- Generated by org.testng.reporters.JUnitReportReporter -->
<testsuite hostname="DESKTOP-1S0QB06" failures="0" tests="1" name="MyTestCases.SignUp" time="11.230" errors="0" timestamp="2024-01-29T15:53:37 EET" skipped="0">
  <testcase classname="MyTestCases.SignUp" name="MyFirstTest" time="11.230"/>
  <system-out/>
</testsuite> <!-- MyTestCases.SignUp -->
