<?xml version="1.0" encoding="UTF-8"?>
<!-- Generated by org.testng.reporters.JUnitReportReporter -->
<testsuite hostname="DESKTOP-1S0QB06" failures="0" tests="5" name="MyTestCases.SignUp" time="21.611" errors="0" timestamp="2024-01-30T18:39:19 EET" skipped="0">
  <testcase classname="MyTestCases.SignUp" name="MyFirstTes" time="8.933"/>
  <system-out/>
  <testcase classname="MyTestCases.SignUp" name="LogOut" time="1.386"/>
  <system-out/>
  <testcase classname="MyTestCases.SignUp" name="LogIn" time="5.482"/>
  <system-out/>
  <testcase classname="MyTestCases.SignUp" name="FooterTag" time="0.038"/>
  <system-out/>
  <testcase classname="MyTestCases.SignUp" name="AddOneRandomItem" time="5.772"/>
  <system-out/>
</testsuite> <!-- MyTestCases.SignUp -->
